# JRE version: OpenJDK Runtime Environment (7.0_95) (build 1.7.0_95-b00)
# Java VM: OpenJDK 64-Bit Server VM (24.95-b01 mixed mode linux-amd64 compressed oops)
Heap
 PSYoungGen      total 220160K, used 26521K [0x00000000ebe00000, 0x0000000100000000, 0x0000000100000000)
  eden space 110592K, 0% used [0x00000000ebe00000,0x00000000ebe00000,0x00000000f2a00000)
  from space 109568K, 24% used [0x00000000f2a00000,0x00000000f43e6780,0x00000000f9500000)
  to   space 109568K, 0% used [0x00000000f9500000,0x00000000f9500000,0x0000000100000000)
 ParOldGen       total 416768K, used 416370K [0x00000000c3a00000, 0x00000000dd100000, 0x00000000ebe00000)
  object space 416768K, 99% used [0x00000000c3a00000,0x00000000dd09cb28,0x00000000dd100000)
 PSPermGen       total 28160K, used 13544K [0x00000000b9400000, 0x00000000baf80000, 0x00000000c3a00000)
  object space 28160K, 48% used [0x00000000b9400000,0x00000000ba13a118,0x00000000baf80000)
GC Heap History (10 events):
Event: 7,061 GC heap after
Heap after GC invocations=15 (full 3):
 PSYoungGen      total 220160K, used 77312K [0x00000000ebe00000, 0x0000000100000000, 0x0000000100000000)
  eden space 110592K, 0% used [0x00000000ebe00000,0x00000000ebe00000,0x00000000f2a00000)
  from space 109568K, 70% used [0x00000000f9500000,0x00000000fe080010,0x0000000100000000)
  to   space 109568K, 0% used [0x00000000f2a00000,0x00000000f2a00000,0x00000000f9500000)
 ParOldGen       total 264192K, used 201658K [0x00000000c3a00000, 0x00000000d3c00000, 0x00000000ebe00000)
  object space 264192K, 76% used [0x00000000c3a00000,0x00000000cfeee958,0x00000000d3c00000)
 PSPermGen       total 29696K, used 13543K [0x00000000b9400000, 0x00000000bb100000, 0x00000000c3a00000)
  object space 29696K, 45% used [0x00000000b9400000,0x00000000ba139f10,0x00000000bb100000)
}
Event: 7,747 GC heap before
{Heap before GC invocations=16 (full 3):
 PSYoungGen      total 220160K, used 187904K [0x00000000ebe00000, 0x0000000100000000, 0x0000000100000000)
  eden space 110592K, 100% used [0x00000000ebe00000,0x00000000f2a00000,0x00000000f2a00000)
  from space 109568K, 70% used [0x00000000f9500000,0x00000000fe080010,0x0000000100000000)
  to   space 109568K, 0% used [0x00000000f2a00000,0x00000000f2a00000,0x00000000f9500000)
 ParOldGen       total 264192K, used 201658K [0x00000000c3a00000, 0x00000000d3c00000, 0x00000000ebe00000)
  object space 264192K, 76% used [0x00000000c3a00000,0x00000000cfeee958,0x00000000d3c00000)
 PSPermGen       total 29696K, used 13543K [0x00000000b9400000, 0x00000000bb100000, 0x00000000c3a00000)
  object space 29696K, 45% used [0x00000000b9400000,0x00000000ba139f10,0x00000000bb100000)
Event: 7,930 GC heap after
Heap after GC invocations=16 (full 3):
 PSYoungGen      total 220160K, used 66560K [0x00000000ebe00000, 0x0000000100000000, 0x0000000100000000)
  eden space 110592K, 0% used [0x00000000ebe00000,0x00000000ebe00000,0x00000000f2a00000)
  from space 109568K, 60% used [0x00000000f2a00000,0x00000000f6b00020,0x00000000f9500000)
  to   space 109568K, 0% used [0x00000000f9500000,0x00000000f9500000,0x0000000100000000)
 ParOldGen       total 279552K, used 279146K [0x00000000c3a00000, 0x00000000d4b00000, 0x00000000ebe00000)
  object space 279552K, 99% used [0x00000000c3a00000,0x00000000d4a9a968,0x00000000d4b00000)
 PSPermGen       total 29696K, used 13543K [0x00000000b9400000, 0x00000000bb100000, 0x00000000c3a00000)
  object space 29696K, 45% used [0x00000000b9400000,0x00000000ba139f10,0x00000000bb100000)
}
Event: 7,930 GC heap before
{Heap before GC invocations=17 (full 4):
 PSYoungGen      total 220160K, used 66560K [0x00000000ebe00000, 0x0000000100000000, 0x0000000100000000)
  eden space 110592K, 0% used [0x00000000ebe00000,0x00000000ebe00000,0x00000000f2a00000)
  from space 109568K, 60% used [0x00000000f2a00000,0x00000000f6b00020,0x00000000f9500000)
  to   space 109568K, 0% used [0x00000000f9500000,0x00000000f9500000,0x0000000100000000)
 ParOldGen       total 279552K, used 279146K [0x00000000c3a00000, 0x00000000d4b00000, 0x00000000ebe00000)
  object space 279552K, 99% used [0x00000000c3a00000,0x00000000d4a9a968,0x00000000d4b00000)
 PSPermGen       total 29696K, used 13543K [0x00000000b9400000, 0x00000000bb100000, 0x00000000c3a00000)
  object space 29696K, 45% used [0x00000000b9400000,0x00000000ba139f10,0x00000000bb100000)
Event: 8,971 GC heap after
Heap after GC invocations=17 (full 4):
 PSYoungGen      total 220160K, used 55137K [0x00000000ebe00000, 0x0000000100000000, 0x0000000100000000)
  eden space 110592K, 0% used [0x00000000ebe00000,0x00000000ebe00000,0x00000000f2a00000)
  from space 109568K, 50% used [0x00000000f2a00000,0x00000000f5fd8408,0x00000000f9500000)
  to   space 109568K, 0% used [0x00000000f9500000,0x00000000f9500000,0x0000000100000000)
 ParOldGen       total 412672K, used 277352K [0x00000000c3a00000, 0x00000000dcd00000, 0x00000000ebe00000)
  object space 412672K, 67% used [0x00000000c3a00000,0x00000000d48da038,0x00000000dcd00000)
 PSPermGen       total 28160K, used 13543K [0x00000000b9400000, 0x00000000baf80000, 0x00000000c3a00000)
  object space 28160K, 48% used [0x00000000b9400000,0x00000000ba139f10,0x00000000baf80000)
}
Event: 9,672 GC heap before
{Heap before GC invocations=18 (full 4):
 PSYoungGen      total 220160K, used 165729K [0x00000000ebe00000, 0x0000000100000000, 0x0000000100000000)
  eden space 110592K, 100% used [0x00000000ebe00000,0x00000000f2a00000,0x00000000f2a00000)
  from space 109568K, 50% used [0x00000000f2a00000,0x00000000f5fd8408,0x00000000f9500000)
  to   space 109568K, 0% used [0x00000000f9500000,0x00000000f9500000,0x0000000100000000)
 ParOldGen       total 412672K, used 277352K [0x00000000c3a00000, 0x00000000dcd00000, 0x00000000ebe00000)
  object space 412672K, 67% used [0x00000000c3a00000,0x00000000d48da038,0x00000000dcd00000)
 PSPermGen       total 28160K, used 13544K [0x00000000b9400000, 0x00000000baf80000, 0x00000000c3a00000)
  object space 28160K, 48% used [0x00000000b9400000,0x00000000ba13a118,0x00000000baf80000)
Event: 9,851 GC heap after
Heap after GC invocations=18 (full 4):
 PSYoungGen      total 220160K, used 83637K [0x00000000ebe00000, 0x0000000100000000, 0x0000000100000000)
  eden space 110592K, 0% used [0x00000000ebe00000,0x00000000ebe00000,0x00000000f2a00000)
  from space 109568K, 76% used [0x00000000f9500000,0x00000000fe6ad4f0,0x0000000100000000)
  to   space 109568K, 0% used [0x00000000f2a00000,0x00000000f2a00000,0x00000000f9500000)
 ParOldGen       total 412672K, used 332680K [0x00000000c3a00000, 0x00000000dcd00000, 0x00000000ebe00000)
  object space 412672K, 80% used [0x00000000c3a00000,0x00000000d7ee2048,0x00000000dcd00000)
 PSPermGen       total 28160K, used 13544K [0x00000000b9400000, 0x00000000baf80000, 0x00000000c3a00000)
  object space 28160K, 48% used [0x00000000b9400000,0x00000000ba13a118,0x00000000baf80000)
}
Event: 10,711 GC heap before
{Heap before GC invocations=19 (full 4):
 PSYoungGen      total 220160K, used 194229K [0x00000000ebe00000, 0x0000000100000000, 0x0000000100000000)
  eden space 110592K, 100% used [0x00000000ebe00000,0x00000000f2a00000,0x00000000f2a00000)
  from space 109568K, 76% used [0x00000000f9500000,0x00000000fe6ad4f0,0x0000000100000000)
  to   space 109568K, 0% used [0x00000000f2a00000,0x00000000f2a00000,0x00000000f9500000)
 ParOldGen       total 412672K, used 332680K [0x00000000c3a00000, 0x00000000dcd00000, 0x00000000ebe00000)
  object space 412672K, 80% used [0x00000000c3a00000,0x00000000d7ee2048,0x00000000dcd00000)
 PSPermGen       total 28160K, used 13544K [0x00000000b9400000, 0x00000000baf80000, 0x00000000c3a00000)
  object space 28160K, 48% used [0x00000000b9400000,0x00000000ba13a118,0x00000000baf80000)
Event: 10,871 GC heap after
Heap after GC invocations=19 (full 4):
 PSYoungGen      total 220160K, used 55296K [0x00000000ebe00000, 0x0000000100000000, 0x0000000100000000)
  eden space 110592K, 0% used [0x00000000ebe00000,0x00000000ebe00000,0x00000000f2a00000)
  from space 109568K, 50% used [0x00000000f2a00000,0x00000000f6000000,0x00000000f9500000)
  to   space 109568K, 0% used [0x00000000f9500000,0x00000000f9500000,0x0000000100000000)
 ParOldGen       total 416768K, used 416341K [0x00000000c3a00000, 0x00000000dd100000, 0x00000000ebe00000)
  object space 416768K, 99% used [0x00000000c3a00000,0x00000000dd095538,0x00000000dd100000)
 PSPermGen       total 28160K, used 13544K [0x00000000b9400000, 0x00000000baf80000, 0x00000000c3a00000)
  object space 28160K, 48% used [0x00000000b9400000,0x00000000ba13a118,0x00000000baf80000)
}
Event: 10,871 GC heap before
{Heap before GC invocations=20 (full 5):
 PSYoungGen      total 220160K, used 55296K [0x00000000ebe00000, 0x0000000100000000, 0x0000000100000000)
  eden space 110592K, 0% used [0x00000000ebe00000,0x00000000ebe00000,0x00000000f2a00000)
  from space 109568K, 50% used [0x00000000f2a00000,0x00000000f6000000,0x00000000f9500000)
  to   space 109568K, 0% used [0x00000000f9500000,0x00000000f9500000,0x0000000100000000)
 ParOldGen       total 416768K, used 416341K [0x00000000c3a00000, 0x00000000dd100000, 0x00000000ebe00000)
  object space 416768K, 99% used [0x00000000c3a00000,0x00000000dd095538,0x00000000dd100000)
 PSPermGen       total 28160K, used 13544K [0x00000000b9400000, 0x00000000baf80000, 0x00000000c3a00000)
  object space 28160K, 48% used [0x00000000b9400000,0x00000000ba13a118,0x00000000baf80000)

